<?xml version="1.0" encoding="UTF-8"?>
<testng-results ignored="0" total="1" passed="1" failed="0" skipped="0">
  <reporter-output>
  </reporter-output>
  <suite started-at="2024-04-07T23:10:02 IST" name="Default suite" finished-at="2024-04-07T23:10:10 IST" duration-ms="8191">
    <groups>
    </groups>
    <test started-at="2024-04-07T23:10:02 IST" name="Default test" finished-at="2024-04-07T23:10:10 IST" duration-ms="8191">
      <class name="logintstcases.LoginTstCases">
        <test-method is-config="true" signature="setUp()[pri:0, instance:logintstcases.LoginTstCases@63376bed]" started-at="2024-04-07T23:10:02 IST" name="setUp" finished-at="2024-04-07T23:10:07 IST" duration-ms="4842" status="PASS">
          <reporter-output>
          </reporter-output>
        </test-method> <!-- setUp -->
        <test-method signature="logintestcase()[pri:0, instance:logintstcases.LoginTstCases@63376bed]" started-at="2024-04-07T23:10:07 IST" name="logintestcase" finished-at="2024-04-07T23:10:10 IST" duration-ms="2943" status="PASS">
          <reporter-output>
          </reporter-output>
        </test-method> <!-- logintestcase -->
        <test-method is-config="true" signature="teardown()[pri:0, instance:logintstcases.LoginTstCases@63376bed]" started-at="2024-04-07T23:10:10 IST" name="teardown" finished-at="2024-04-07T23:10:10 IST" duration-ms="308" status="PASS">
          <reporter-output>
          </reporter-output>
        </test-method> <!-- teardown -->
      </class> <!-- logintstcases.LoginTstCases -->
    </test> <!-- Default test -->
  </suite> <!-- Default suite -->
</testng-results>
